<?xml version="1.0" encoding="UTF-8"?>
<!-- Generated by org.testng.reporters.JUnitXMLReporter -->
<testsuite ignored="1" hostname="DESKTOP-K6DEKN4" failures="0" tests="1" name="Default test" time="0.248" errors="0" timestamp="2022-11-18T22:07:09 IST">
  <testcase classname="com.testng.SimpleAnnoation" name="subMethod6" time="0.026"/>
  <testcase classname="com.testng.SimpleAnnoation" name="subMethod4" time="0.0">
    <ignored/>
  </testcase> <!-- subMethod4 -->
</testsuite> <!-- Default test -->
